<?xml version="1.0" encoding="UTF-8"?>
<!-- Generated by org.testng.reporters.JUnitReportReporter -->
<testsuite skipped="0" hostname="195070-VHNam" name="Auto_BHX_Project.testcase.TC_BHX_Case01" tests="1" failures="0" timestamp="14 Feb 2023 18:32:58 GMT" time="0.578" errors="0">
  <testcase name="ClickBoxSearch" time="0.578" classname="Auto_BHX_Project.testcase.TC_BHX_Case01"/>
</testsuite> <!-- Auto_BHX_Project.testcase.TC_BHX_Case01 -->
